{"C:\\Users\\nices\\OneDrive\\เดสก์ท็อป\\nice\\IMC\\training\\part_d\\workshop-imc-devops-nodejs\\api\\src\\app.js": {"path":"C:\\Users\\nices\\OneDrive\\เดสก์ท็อป\\nice\\IMC\\training\\part_d\\workshop-imc-devops-nodejs\\api\\src\\app.js","statementMap":{"0":{"start":{"line":1,"column":16},"end":{"line":1,"column":34}},"1":{"start":{"line":2,"column":13},"end":{"line":2,"column":42}},"2":{"start":{"line":3,"column":30},"end":{"line":3,"column":69}},"3":{"start":{"line":4,"column":24},"end":{"line":4,"column":65}},"4":{"start":{"line":7,"column":14},"end":{"line":7,"column":23}},"5":{"start":{"line":9,"column":2},"end":{"line":9,"column":26}},"6":{"start":{"line":10,"column":2},"end":{"line":10,"column":65}},"7":{"start":{"line":11,"column":2},"end":{"line":11,"column":27}},"8":{"start":{"line":13,"column":2},"end":{"line":13,"column":13}},"9":{"start":{"line":16,"column":0},"end":{"line":16,"column":31}}},"fnMap":{"0":{"name":"createApp","decl":{"start":{"line":6,"column":9},"end":{"line":6,"column":18}},"loc":{"start":{"line":6,"column":40},"end":{"line":14,"column":1}},"line":6}},"branchMap":{"0":{"loc":{"start":{"line":6,"column":19},"end":{"line":6,"column":38}},"type":"default-arg","locations":[{"start":{"line":6,"column":34},"end":{"line":6,"column":38}}],"line":6}},"s":{"0":1,"1":1,"2":1,"3":1,"4":7,"5":7,"6":7,"7":7,"8":7,"9":1},"f":{"0":7},"b":{"0":[0]},"_coverageSchema":"1a1c01bbd47fc00a2c39e90264f33305004495a9","hash":"cd147d273aa47e69b6bdda362a8444d9c431ad2a"}
,"C:\\Users\\nices\\OneDrive\\เดสก์ท็อป\\nice\\IMC\\training\\part_d\\workshop-imc-devops-nodejs\\api\\src\\config\\db.config.js": {"path":"C:\\Users\\nices\\OneDrive\\เดสก์ท็อป\\nice\\IMC\\training\\part_d\\workshop-imc-devops-nodejs\\api\\src\\config\\db.config.js","statementMap":{"0":{"start":{"line":1,"column":17},"end":{"line":1,"column":30}},"1":{"start":{"line":3,"column":13},"end":{"line":5,"column":2}},"2":{"start":{"line":7,"column":0},"end":{"line":7,"column":22}}},"fnMap":{},"branchMap":{},"s":{"0":1,"1":1,"2":1},"f":{},"b":{},"_coverageSchema":"1a1c01bbd47fc00a2c39e90264f33305004495a9","hash":"c8e04dbb068ac313c2884174fb2dbb8d7a682c29"}
,"C:\\Users\\nices\\OneDrive\\เดสก์ท็อป\\nice\\IMC\\training\\part_d\\workshop-imc-devops-nodejs\\api\\src\\employees\\employees.controller.js": {"path":"C:\\Users\\nices\\OneDrive\\เดสก์ท็อป\\nice\\IMC\\training\\part_d\\workshop-imc-devops-nodejs\\api\\src\\employees\\employees.controller.js","statementMap":{"0":{"start":{"line":3,"column":4},"end":{"line":3,"column":27}},"1":{"start":{"line":6,"column":11},"end":{"line":13,"column":3}},"2":{"start":{"line":7,"column":4},"end":{"line":12,"column":5}},"3":{"start":{"line":8,"column":23},"end":{"line":8,"column":62}},"4":{"start":{"line":9,"column":6},"end":{"line":9,"column":42}},"5":{"start":{"line":11,"column":6},"end":{"line":11,"column":18}},"6":{"start":{"line":16,"column":0},"end":{"line":16,"column":37}}},"fnMap":{"0":{"name":"(anonymous_0)","decl":{"start":{"line":2,"column":2},"end":{"line":2,"column":3}},"loc":{"start":{"line":2,"column":23},"end":{"line":4,"column":3}},"line":2},"1":{"name":"(anonymous_1)","decl":{"start":{"line":6,"column":11},"end":{"line":6,"column":12}},"loc":{"start":{"line":6,"column":46},"end":{"line":13,"column":3}},"line":6}},"branchMap":{},"s":{"0":7,"1":7,"2":6,"3":6,"4":1,"5":5,"6":1},"f":{"0":7,"1":6},"b":{},"_coverageSchema":"1a1c01bbd47fc00a2c39e90264f33305004495a9","hash":"93605d12134f1835450d7e28e9a871e752ef171b"}
,"C:\\Users\\nices\\OneDrive\\เดสก์ท็อป\\nice\\IMC\\training\\part_d\\workshop-imc-devops-nodejs\\api\\src\\employees\\employees.repository.js": {"path":"C:\\Users\\nices\\OneDrive\\เดสก์ท็อป\\nice\\IMC\\training\\part_d\\workshop-imc-devops-nodejs\\api\\src\\employees\\employees.repository.js","statementMap":{"0":{"start":{"line":3,"column":4},"end":{"line":3,"column":21}},"1":{"start":{"line":7,"column":19},"end":{"line":12,"column":5}},"2":{"start":{"line":14,"column":4},"end":{"line":14,"column":26}},"3":{"start":{"line":18,"column":0},"end":{"line":18,"column":37}}},"fnMap":{"0":{"name":"(anonymous_0)","decl":{"start":{"line":2,"column":2},"end":{"line":2,"column":3}},"loc":{"start":{"line":2,"column":20},"end":{"line":4,"column":3}},"line":2},"1":{"name":"(anonymous_1)","decl":{"start":{"line":6,"column":2},"end":{"line":6,"column":3}},"loc":{"start":{"line":6,"column":42},"end":{"line":15,"column":3}},"line":6}},"branchMap":{},"s":{"0":7,"1":2,"2":1,"3":1},"f":{"0":7,"1":2},"b":{},"_coverageSchema":"1a1c01bbd47fc00a2c39e90264f33305004495a9","hash":"12e68c2868e416c04a80a44ca077eddbba81a630"}
,"C:\\Users\\nices\\OneDrive\\เดสก์ท็อป\\nice\\IMC\\training\\part_d\\workshop-imc-devops-nodejs\\api\\src\\employees\\employees.routes.js": {"path":"C:\\Users\\nices\\OneDrive\\เดสก์ท็อป\\nice\\IMC\\training\\part_d\\workshop-imc-devops-nodejs\\api\\src\\employees\\employees.routes.js","statementMap":{"0":{"start":{"line":1,"column":16},"end":{"line":1,"column":34}},"1":{"start":{"line":2,"column":28},"end":{"line":2,"column":61}},"2":{"start":{"line":3,"column":28},"end":{"line":3,"column":61}},"3":{"start":{"line":4,"column":29},"end":{"line":4,"column":59}},"4":{"start":{"line":7,"column":21},"end":{"line":7,"column":50}},"5":{"start":{"line":8,"column":18},"end":{"line":8,"column":50}},"6":{"start":{"line":9,"column":21},"end":{"line":9,"column":53}},"7":{"start":{"line":10,"column":17},"end":{"line":10,"column":33}},"8":{"start":{"line":12,"column":2},"end":{"line":12,"column":38}},"9":{"start":{"line":14,"column":2},"end":{"line":14,"column":16}},"10":{"start":{"line":17,"column":0},"end":{"line":17,"column":39}}},"fnMap":{"0":{"name":"createEmployeesRouter","decl":{"start":{"line":6,"column":9},"end":{"line":6,"column":30}},"loc":{"start":{"line":6,"column":37},"end":{"line":15,"column":1}},"line":6}},"branchMap":{},"s":{"0":1,"1":1,"2":1,"3":1,"4":7,"5":7,"6":7,"7":7,"8":7,"9":7,"10":1},"f":{"0":7},"b":{},"_coverageSchema":"1a1c01bbd47fc00a2c39e90264f33305004495a9","hash":"df44674f2c9b90c32811c2b89ee4e32668cac557"}
,"C:\\Users\\nices\\OneDrive\\เดสก์ท็อป\\nice\\IMC\\training\\part_d\\workshop-imc-devops-nodejs\\api\\src\\employees\\employees.service.js": {"path":"C:\\Users\\nices\\OneDrive\\เดสก์ท็อป\\nice\\IMC\\training\\part_d\\workshop-imc-devops-nodejs\\api\\src\\employees\\employees.service.js","statementMap":{"0":{"start":{"line":1,"column":29},"end":{"line":1,"column":64}},"1":{"start":{"line":7,"column":4},"end":{"line":7,"column":33}},"2":{"start":{"line":11,"column":4},"end":{"line":13,"column":5}},"3":{"start":{"line":12,"column":6},"end":{"line":12,"column":61}},"4":{"start":{"line":15,"column":4},"end":{"line":19,"column":7}},"5":{"start":{"line":23,"column":0},"end":{"line":23,"column":60}}},"fnMap":{"0":{"name":"(anonymous_0)","decl":{"start":{"line":6,"column":2},"end":{"line":6,"column":3}},"loc":{"start":{"line":6,"column":26},"end":{"line":8,"column":3}},"line":6},"1":{"name":"(anonymous_1)","decl":{"start":{"line":10,"column":2},"end":{"line":10,"column":3}},"loc":{"start":{"line":10,"column":25},"end":{"line":20,"column":3}},"line":10}},"branchMap":{"0":{"loc":{"start":{"line":11,"column":4},"end":{"line":13,"column":5}},"type":"if","locations":[{"start":{"line":11,"column":4},"end":{"line":13,"column":5}},{"start":{},"end":{}}],"line":11}},"s":{"0":1,"1":7,"2":6,"3":4,"4":2,"5":1},"f":{"0":7,"1":6},"b":{"0":[4,2]},"_coverageSchema":"1a1c01bbd47fc00a2c39e90264f33305004495a9","hash":"8e49225ef1351a2f7bb35a3d6ada9a443704b2e0"}
,"C:\\Users\\nices\\OneDrive\\เดสก์ท็อป\\nice\\IMC\\training\\part_d\\workshop-imc-devops-nodejs\\api\\src\\middlewares\\error.middleware.js": {"path":"C:\\Users\\nices\\OneDrive\\เดสก์ท็อป\\nice\\IMC\\training\\part_d\\workshop-imc-devops-nodejs\\api\\src\\middlewares\\error.middleware.js","statementMap":{"0":{"start":{"line":1,"column":33},"end":{"line":1,"column":74}},"1":{"start":{"line":5,"column":4},"end":{"line":5,"column":88}},"2":{"start":{"line":7,"column":2},"end":{"line":9,"column":3}},"3":{"start":{"line":8,"column":4},"end":{"line":8,"column":72}},"4":{"start":{"line":11,"column":2},"end":{"line":11,"column":23}},"5":{"start":{"line":12,"column":2},"end":{"line":12,"column":71}},"6":{"start":{"line":15,"column":0},"end":{"line":15,"column":33}}},"fnMap":{"0":{"name":"errorMiddleware","decl":{"start":{"line":3,"column":9},"end":{"line":3,"column":24}},"loc":{"start":{"line":3,"column":57},"end":{"line":13,"column":1}},"line":3}},"branchMap":{"0":{"loc":{"start":{"line":5,"column":4},"end":{"line":5,"column":88}},"type":"binary-expr","locations":[{"start":{"line":5,"column":4},"end":{"line":5,"column":32}},{"start":{"line":5,"column":36},"end":{"line":5,"column":56}},{"start":{"line":5,"column":60},"end":{"line":5,"column":88}}],"line":5},"1":{"loc":{"start":{"line":7,"column":2},"end":{"line":9,"column":3}},"type":"if","locations":[{"start":{"line":7,"column":2},"end":{"line":9,"column":3}},{"start":{},"end":{}}],"line":7},"2":{"loc":{"start":{"line":7,"column":6},"end":{"line":7,"column":62}},"type":"binary-expr","locations":[{"start":{"line":7,"column":6},"end":{"line":7,"column":43}},{"start":{"line":7,"column":47},"end":{"line":7,"column":62}}],"line":7}},"s":{"0":1,"1":6,"2":6,"3":5,"4":1,"5":1,"6":1},"f":{"0":6},"b":{"0":[6,1,1],"1":[5,1],"2":[6,2]},"_coverageSchema":"1a1c01bbd47fc00a2c39e90264f33305004495a9","hash":"daa3f0aab393528fd46273ead3dd9e7539c3cb3f"}
,"C:\\Users\\nices\\OneDrive\\เดสก์ท็อป\\nice\\IMC\\training\\part_d\\workshop-imc-devops-nodejs\\api\\src\\utils\\validation.util.js": {"path":"C:\\Users\\nices\\OneDrive\\เดสก์ท็อป\\nice\\IMC\\training\\part_d\\workshop-imc-devops-nodejs\\api\\src\\utils\\validation.util.js","statementMap":{"0":{"start":{"line":1,"column":22},"end":{"line":1,"column":50}},"1":{"start":{"line":4,"column":2},"end":{"line":6,"column":3}},"2":{"start":{"line":5,"column":4},"end":{"line":5,"column":17}},"3":{"start":{"line":8,"column":36},"end":{"line":8,"column":44}},"4":{"start":{"line":10,"column":2},"end":{"line":17,"column":4}},"5":{"start":{"line":20,"column":0},"end":{"line":20,"column":38}}},"fnMap":{"0":{"name":"validateEmployee","decl":{"start":{"line":3,"column":9},"end":{"line":3,"column":25}},"loc":{"start":{"line":3,"column":36},"end":{"line":18,"column":1}},"line":3}},"branchMap":{"0":{"loc":{"start":{"line":4,"column":2},"end":{"line":6,"column":3}},"type":"if","locations":[{"start":{"line":4,"column":2},"end":{"line":6,"column":3}},{"start":{},"end":{}}],"line":4},"1":{"loc":{"start":{"line":4,"column":6},"end":{"line":4,"column":74}},"type":"binary-expr","locations":[{"start":{"line":4,"column":6},"end":{"line":4,"column":15}},{"start":{"line":4,"column":19},"end":{"line":4,"column":47}},{"start":{"line":4,"column":51},"end":{"line":4,"column":74}}],"line":4},"2":{"loc":{"start":{"line":11,"column":4},"end":{"line":16,"column":30}},"type":"binary-expr","locations":[{"start":{"line":11,"column":4},"end":{"line":11,"column":28}},{"start":{"line":12,"column":4},"end":{"line":12,"column":26}},{"start":{"line":13,"column":4},"end":{"line":13,"column":29}},{"start":{"line":14,"column":4},"end":{"line":14,"column":36}},{"start":{"line":15,"column":4},"end":{"line":15,"column":32}},{"start":{"line":16,"column":4},"end":{"line":16,"column":30}}],"line":11}},"s":{"0":1,"1":6,"2":0,"3":6,"4":6,"5":1},"f":{"0":6},"b":{"0":[0,6],"1":[6,6,6],"2":[6,5,4,4,3,3]},"_coverageSchema":"1a1c01bbd47fc00a2c39e90264f33305004495a9","hash":"147c60eb4eb1d1d07a0603ce7979b8212b233056"}
}
