TN:
SF:src\app.js
FN:6,createApp
FNF:1
FNH:1
FNDA:7,createApp
DA:1,1
DA:2,1
DA:3,1
DA:4,1
DA:7,7
DA:9,7
DA:10,7
DA:11,7
DA:13,7
DA:16,1
LF:10
LH:10
BRDA:6,0,0,0
BRF:1
BRH:0
end_of_record
TN:
SF:src\config\db.config.js
FNF:0
FNH:0
DA:1,1
DA:3,1
DA:7,1
LF:3
LH:3
BRF:0
BRH:0
end_of_record
TN:
SF:src\employees\employees.controller.js
FN:2,(anonymous_0)
FN:6,(anonymous_1)
FNF:2
FNH:2
FNDA:7,(anonymous_0)
FNDA:6,(anonymous_1)
DA:3,7
DA:6,7
DA:7,6
DA:8,6
DA:9,1
DA:11,5
DA:16,1
LF:7
LH:7
BRF:0
BRH:0
end_of_record
TN:
SF:src\employees\employees.repository.js
FN:2,(anonymous_0)
FN:6,(anonymous_1)
FNF:2
FNH:2
FNDA:7,(anonymous_0)
FNDA:2,(anonymous_1)
DA:3,7
DA:7,2
DA:14,1
DA:18,1
LF:4
LH:4
BRF:0
BRH:0
end_of_record
TN:
SF:src\employees\employees.routes.js
FN:6,createEmployeesRouter
FNF:1
FNH:1
FNDA:7,createEmployeesRouter
DA:1,1
DA:2,1
DA:3,1
DA:4,1
DA:7,7
DA:8,7
DA:9,7
DA:10,7
DA:12,7
DA:14,7
DA:17,1
LF:11
LH:11
BRF:0
BRH:0
end_of_record
TN:
SF:src\employees\employees.service.js
FN:6,(anonymous_0)
FN:10,(anonymous_1)
FNF:2
FNH:2
FNDA:7,(anonymous_0)
FNDA:6,(anonymous_1)
DA:1,1
DA:7,7
DA:11,6
DA:12,4
DA:15,2
DA:23,1
LF:6
LH:6
BRDA:11,0,0,4
BRDA:11,0,1,2
BRF:2
BRH:2
end_of_record
TN:
SF:src\middlewares\error.middleware.js
FN:3,errorMiddleware
FNF:1
FNH:1
FNDA:6,errorMiddleware
DA:1,1
DA:5,6
DA:7,6
DA:8,5
DA:11,1
DA:12,1
DA:15,1
LF:7
LH:7
BRDA:5,0,0,6
BRDA:5,0,1,1
BRDA:5,0,2,1
BRDA:7,1,0,5
BRDA:7,1,1,1
BRDA:7,2,0,6
BRDA:7,2,1,2
BRF:7
BRH:7
end_of_record
TN:
SF:src\utils\validation.util.js
FN:3,validateEmployee
FNF:1
FNH:1
FNDA:6,validateEmployee
DA:1,1
DA:4,6
DA:5,0
DA:8,6
DA:10,6
DA:20,1
LF:6
LH:5
BRDA:4,0,0,0
BRDA:4,0,1,6
BRDA:4,1,0,6
BRDA:4,1,1,6
BRDA:4,1,2,6
BRDA:11,2,0,6
BRDA:11,2,1,5
BRDA:11,2,2,4
BRDA:11,2,3,4
BRDA:11,2,4,3
BRDA:11,2,5,3
BRF:11
BRH:10
end_of_record
